-------------------------------------------------------------------------------
Test set: com.example.EstacionamentoTest
-------------------------------------------------------------------------------
Tests run: 5, Failures: 1, Errors: 0, Skipped: 0, Time elapsed: 0.082 s <<< FAILURE! - in com.example.EstacionamentoTest
testCalcularTarifa_MenosUmaHora(com.example.EstacionamentoTest)  Time elapsed: 0.023 s  <<< FAILURE!
java.lang.AssertionError: expected:<5.9> but was:<0.0>
	at com.example.EstacionamentoTest.testCalcularTarifa_MenosUmaHora(EstacionamentoTest.java:56)

